2026-02-12T23:28:22Z S0 initialized ralph state and PRD
2026-02-12T23:29:39Z S3 config crate default backend
2026-02-12T23:30:54Z S4 store schema and in-memory store
2026-02-12T23:32:26Z S5 queue per-group FIFO
2026-02-12T23:33:30Z S6 scheduler due logic
2026-02-12T23:34:52Z S7 bus idempotency
2026-02-12T23:35:58Z S8 sandbox apple backend
2026-02-12T23:36:59Z S9 sandbox docker backend
2026-02-12T23:38:13Z S10 connector trait
2026-02-12T23:39:19Z S11 device scaffold
2026-02-12T23:41:22Z S12 lockfile + ignore target
2026-02-12T23:49:06Z S13 core trigger policy
2026-02-12T23:52:00Z S14 store schema parity
2026-02-12T23:54:19Z S15 bus WAL + replay
2026-02-12T23:59:37Z S16 scheduler recurrence + persistence
2026-02-13T00:02:02Z S17 queue concurrency + retry
2026-02-13T00:03:01Z S18 apple container runner
2026-02-13T00:04:03Z S19 docker runner parity
2026-02-13T00:05:14Z S20 mount allowlist + egress deny
2026-02-13T00:06:35Z S21 secrets broker + audit logs
2026-02-13T00:07:49Z S22 imessage connector
2026-02-13T00:08:46Z S23 discord connector
2026-02-13T00:09:45Z S24 telegram connector
2026-02-13T00:10:39Z S25 email connector
2026-02-13T00:11:37Z S26 device runtime ws + ui shell
2026-02-13T00:16:01Z S27 sandbox execution runtime
2026-02-13T00:16:59Z S28 sandbox policy enforcement
2026-02-13T00:18:21Z S29 imessage runtime integration
2026-02-13T00:19:57Z S30 discord runtime integration
2026-02-13T00:21:02Z S31 telegram runtime integration
2026-02-13T00:24:31Z S32 email runtime integration
2026-02-13T00:25:34Z S33 esp-idf runtime wiring
2026-02-13T00:28:13Z S34 imap idle integration
2026-02-13T03:15:21Z S35 scheduler warning cleanup
2026-02-13T03:30:16Z S36 esp toolchain check blocked (espup install hung)
2026-02-13T03:32:17Z S37 expanded PRD with remaining parity stories
2026-02-13T03:34:30Z S38 core router parity implemented
2026-02-13T03:40:59Z S39 bus persistence and seq assignment
2026-02-13T03:42:53Z S40 store accessors implemented
2026-02-13T03:44:05Z S44 lockfile update
2026-02-13T04:09:58Z S36 esp toolchain check failed (esp-idf-sys time64 mismatch, IDF v4.4 cmake error)
2026-02-13T04:11:37Z S41 sandbox network isolation defaults
2026-02-13T04:49:05Z S42 connectors retry/dedupe utilities
2026-02-13T05:02:24Z S43 device runtime esp integration
2026-02-13T05:04:38Z S36 esp-idf toolchain check done
2026-02-13T05:06:09Z S45 ignore .embuild in gitignore
2026-02-13T05:07:09Z S46 add esp-check script
